<?xml version="1.0" encoding="UTF-8"?>
<!-- Generated by org.testng.reporters.JUnitReportReporter -->
<testsuite skipped="0" hostname="BeenaPaul" name="com.wbl.Test.EbayHomePageTest" tests="5" failures="0" timestamp="1 Dec 2016 19:52:30 GMT" time="0.676" errors="0">
  <testcase name="testCountEbayIcon" time="0.338" classname="com.wbl.Test.EbayHomePageTest"/>
  <testcase name="testVideoElement" time="0.117" classname="com.wbl.Test.EbayHomePageTest"/>
  <testcase name="testCheckTitle" time="0.053" classname="com.wbl.Test.EbayHomePageTest"/>
  <testcase name="testCheckSearch" time="0.063" classname="com.wbl.Test.EbayHomePageTest"/>
  <testcase name="testCheckFooter" time="0.105" classname="com.wbl.Test.EbayHomePageTest"/>
</testsuite> <!-- com.wbl.Test.EbayHomePageTest -->
