<?xml version="1.0" encoding="UTF-8"?>
<!-- Generated by org.testng.reporters.JUnitReportReporter -->
<testsuite skipped="0" hostname="BeenaPaul" name="com.wbl.Test.HomePageTest" tests="3" failures="0" timestamp="7 Dec 2016 02:25:08 GMT" time="0.129" errors="0">
  <testcase name="testCountSlides" time="0.030" classname="com.wbl.Test.HomePageTest"/>
  <testcase name="testVideoElement" time="0.033" classname="com.wbl.Test.HomePageTest"/>
  <testcase name="testSectionHeaders" time="0.066" classname="com.wbl.Test.HomePageTest"/>
</testsuite> <!-- com.wbl.Test.HomePageTest -->
