<?xml version="1.0" encoding="UTF-8"?>
<!-- Generated by org.testng.reporters.JUnitReportReporter -->
<testsuite skipped="0" hostname="BeenaPaul" name="com.wbl.Test.PortalPageTest" tests="4" failures="0" timestamp="7 Dec 2016 02:25:08 GMT" time="0.366" errors="0">
  <testcase name="testIsLogoPresent" time="0.036" classname="com.wbl.Test.PortalPageTest"/>
  <testcase name="testNavItems" time="0.032" classname="com.wbl.Test.PortalPageTest"/>
  <testcase name="testFooterBar" time="0.259" classname="com.wbl.Test.PortalPageTest"/>
  <testcase name="testSocialIcons" time="0.039" classname="com.wbl.Test.PortalPageTest"/>
</testsuite> <!-- com.wbl.Test.PortalPageTest -->
