<?xml version="1.0" encoding="UTF-8"?>
<!-- Generated by org.testng.reporters.JUnitReportReporter -->
<testsuite skipped="0" hostname="BeenaPaul" name="com.wbl.Test.ForgotPageTest" tests="2" failures="0" timestamp="7 Dec 2016 02:25:08 GMT" time="0.110" errors="0">
  <testcase name="countBreadCrumbs" time="0.020" classname="com.wbl.Test.ForgotPageTest"/>
  <testcase name="testForgotpassword" time="0.090" classname="com.wbl.Test.ForgotPageTest"/>
</testsuite> <!-- com.wbl.Test.ForgotPageTest -->
