<?xml version="1.0" encoding="UTF-8"?>
<!-- Generated by org.testng.reporters.JUnitReportReporter -->
<testsuite skipped="0" hostname="BeenaPaul" name="com.wbl.Test.LoginPageTest" tests="4" failures="0" timestamp="7 Dec 2016 02:25:08 GMT" time="0.683" errors="0">
  <testcase name="testBreadCrumbs" time="0.030" classname="com.wbl.Test.LoginPageTest"/>
  <testcase name="testLogin" time="0.267" classname="com.wbl.Test.LoginPageTest"/>
  <testcase name="testLogin" time="0.159" classname="com.wbl.Test.LoginPageTest"/>
  <testcase name="testLogin" time="0.227" classname="com.wbl.Test.LoginPageTest"/>
</testsuite> <!-- com.wbl.Test.LoginPageTest -->
