<?xml version="1.0" encoding="UTF-8"?>
<!-- Generated by org.testng.reporters.JUnitReportReporter -->
<testsuite skipped="0" hostname="BeenaPaul" name="com.wbl.Test.FAQPageTest" tests="4" failures="0" timestamp="7 Dec 2016 02:25:08 GMT" time="1.481" errors="0">
  <testcase name="testCountQuestions" time="1.343" classname="com.wbl.Test.FAQPageTest"/>
  <testcase name="testCheckTitle" time="0.043" classname="com.wbl.Test.FAQPageTest"/>
  <testcase name="testCountsocialIcons" time="0.032" classname="com.wbl.Test.FAQPageTest"/>
  <testcase name="testCheckCopyright" time="0.063" classname="com.wbl.Test.FAQPageTest"/>
</testsuite> <!-- com.wbl.Test.FAQPageTest -->
